#
# There is insufficient memory for the Java Runtime Environment to continue.
# Native memory allocation (mmap) failed to map 266338304 bytes for G1 virtual space
# Possible reasons:
#   The system is out of physical RAM or swap space
#   The process is running with CompressedOops enabled, and the Java Heap may be blocking the growth of the native heap
# Possible solutions:
#   Reduce memory load on the system
#   Increase physical memory or swap space
#   Check if swap backing store is full
#   Decrease Java heap size (-Xmx/-Xms)
#   Decrease number of Java threads
#   Decrease Java thread stack sizes (-Xss)
#   Set larger code cache with -XX:ReservedCodeCacheSize=
#   JVM is running with Unscaled Compressed Oops mode in which the Java heap is
#     placed in the first 4GB address space. The Java Heap base address is the
#     maximum limit for the native heap growth. Please use -XX:HeapBaseMinAddress
#     to set the Java Heap base and to place the Java Heap above 4GB virtual address.
# This output file may be truncated or incomplete.
#
#  Out of Memory Error (os_windows.cpp:3769), pid=19716, tid=15736
#
# JRE version:  (17.0.6) (build )
# Java VM: OpenJDK 64-Bit Server VM (17.0.6+0-b2043.56-9586694, mixed mode, sharing, tiered, compressed oops, compressed class ptrs, g1 gc, windows-amd64)
# No core dump will be written. Minidumps are not enabled by default on client versions of Windows
#

---------------  S U M M A R Y ------------

Command Line: -Djava.awt.headless=true -Dorg.gradle.internal.worker.tmpdir=D:\Kuliah\2. Kegiatan Kuliah\Bangkit\Kegiatan\Self-Paced Session\5. Belajar Pengembangan Aplikasi Android Intermediate\StoryApp\app\build\tmp\testDebugUnitTest\work -Dorg.gradle.native=false -Xmx512m -Dfile.encoding=UTF-8 -Duser.country=US -Duser.language=en -Duser.variant -ea worker.org.gradle.process.internal.worker.GradleWorkerMain 'Gradle Test Executor 1'

Host: 11th Gen Intel(R) Core(TM) i5-1135G7 @ 2.40GHz, 8 cores, 15G,  Windows 11 , 64 bit Build 22621 (10.0.22621.1485)
Time: Wed May 10 06:56:27 2023 SE Asia Standard Time elapsed time: 0.009683 seconds (0d 0h 0m 0s)

---------------  T H R E A D  ---------------

Current thread (0x00000237185a8dd0):  JavaThread "Unknown thread" [_thread_in_vm, id=15736, stack(0x00000037d1a00000,0x00000037d1b00000)]

Stack: [0x00000037d1a00000,0x00000037d1b00000]
Native frames: (J=compiled Java code, j=interpreted, Vv=VM code, C=native code)
V  [jvm.dll+0x683b4a]
V  [jvm.dll+0x842654]
V  [jvm.dll+0x843dfe]
V  [jvm.dll+0x844463]
V  [jvm.dll+0x249b75]
V  [jvm.dll+0x680a19]
V  [jvm.dll+0x674f0a]
V  [jvm.dll+0x309acb]
V  [jvm.dll+0x310f86]
V  [jvm.dll+0x3608ee]
V  [jvm.dll+0x360b1f]
V  [jvm.dll+0x2dfbf8]
V  [jvm.dll+0x2e0b64]
V  [jvm.dll+0x813f41]
V  [jvm.dll+0x36e6a1]
V  [jvm.dll+0x7f347c]
V  [jvm.dll+0x3f0e8f]
V  [jvm.dll+0x3f29d1]
C  [jli.dll+0x526b]
C  [ucrtbase.dll+0x29363]
C  [KERNEL32.DLL+0x1269d]
C  [ntdll.dll+0x5a9f8]


---------------  P R O C E S S  ---------------

Threads class SMR info:
_java_thread_list=0x00007ff8be66c058, length=0, elements={
}

Java Threads: ( => current thread )

Other Threads:
  0x00000237185ddd70 GCTaskThread "GC Thread#0" [stack: 0x00000037d1b00000,0x00000037d1c00000] [id=24500]
  0x00000237185e0c90 ConcurrentGCThread "G1 Main Marker" [stack: 0x00000037d1c00000,0x00000037d1d00000] [id=18812]
  0x00000237185e1800 ConcurrentGCThread "G1 Conc#0" [stack: 0x00000037d1d00000,0x00000037d1e00000] [id=16996]

[error occurred during error reporting (printing all threads), id 0xc0000005, EXCEPTION_ACCESS_VIOLATION (0xc0000005) at pc=0x00007ff8bde20797]

VM state: not at safepoint (not fully initialized)

VM Mutex/Monitor currently owned by a thread:  ([mutex/lock_event])
[0x00000237184ec980] Heap_lock - owner thread: 0x00000237185a8dd0

Heap address: 0x00000000e0000000, size: 512 MB, Compressed Oops mode: 32-bit

CDS archive(s) mapped at: [0x0000000000000000-0x0000000000000000-0x0000000000000000), size 0, SharedBaseAddress: 0x0000000800000000, ArchiveRelocationMode: 0.
Narrow klass base: 0x0000000000000000, Narrow klass shift: 0, Narrow klass range: 0x0

GC Precious Log:
<Empty>

Heap:
 garbage-first heap   total 0K, used 0K [0x00000000e0000000, 0x0000000100000000)
  region size 1024K, 0 young (0K), 0 survivors (0K)

[error occurred during error reporting (printing heap information), id 0xc0000005, EXCEPTION_ACCESS_VIOLATION (0xc0000005) at pc=0x00007ff8be20d939]

GC Heap History (0 events):
No events

Dll operation events (1 events):
Event: 0.007 Loaded shared library D:\Apps\Android Studio\jbr\bin\java.dll

Deoptimization events (0 events):
No events

Classes unloaded (0 events):
No events

Classes redefined (0 events):
No events

Internal exceptions (0 events):
No events

VM Operations (0 events):
No events

Events (0 events):
No events


Dynamic libraries:
0x00007ff7ffb70000 - 0x00007ff7ffb7a000 	D:\Apps\Android Studio\jbr\bin\java.exe
0x00007ff90fc50000 - 0x00007ff90fe64000 	C:\WINDOWS\SYSTEM32\ntdll.dll
0x00007ff90e8c0000 - 0x00007ff90e982000 	C:\WINDOWS\System32\KERNEL32.DLL
0x00007ff90d440000 - 0x00007ff90d7dc000 	C:\WINDOWS\System32\KERNELBASE.dll
0x00007ff90d940000 - 0x00007ff90da51000 	C:\WINDOWS\System32\ucrtbase.dll
0x00007ff903890000 - 0x00007ff9038a7000 	D:\Apps\Android Studio\jbr\bin\jli.dll
0x00007ff904370000 - 0x00007ff90438b000 	D:\Apps\Android Studio\jbr\bin\VCRUNTIME140.dll
0x00007ff90f4c0000 - 0x00007ff90f66b000 	C:\WINDOWS\System32\USER32.dll
0x00007ff90d410000 - 0x00007ff90d436000 	C:\WINDOWS\System32\win32u.dll
0x00007ff8f2e50000 - 0x00007ff8f30de000 	C:\WINDOWS\WinSxS\amd64_microsoft.windows.common-controls_6595b64144ccf1df_6.0.22621.608_none_a9444ca7c10bb01d\COMCTL32.dll
0x00007ff90e770000 - 0x00007ff90e799000 	C:\WINDOWS\System32\GDI32.dll
0x00007ff90db80000 - 0x00007ff90dc27000 	C:\WINDOWS\System32\msvcrt.dll
0x00007ff90d200000 - 0x00007ff90d313000 	C:\WINDOWS\System32\gdi32full.dll
0x00007ff90d7e0000 - 0x00007ff90d87a000 	C:\WINDOWS\System32\msvcp_win.dll
0x00007ff90dd30000 - 0x00007ff90dd61000 	C:\WINDOWS\System32\IMM32.DLL
0x00007ff904ae0000 - 0x00007ff904aec000 	D:\Apps\Android Studio\jbr\bin\vcruntime140_1.dll
0x00007ff8c2970000 - 0x00007ff8c29fd000 	D:\Apps\Android Studio\jbr\bin\msvcp140.dll
0x00007ff8bdb30000 - 0x00007ff8be79d000 	D:\Apps\Android Studio\jbr\bin\server\jvm.dll
0x00007ff90e7a0000 - 0x00007ff90e84e000 	C:\WINDOWS\System32\ADVAPI32.dll
0x00007ff90e570000 - 0x00007ff90e614000 	C:\WINDOWS\System32\sechost.dll
0x00007ff90f160000 - 0x00007ff90f277000 	C:\WINDOWS\System32\RPCRT4.dll
0x00007ff8cf6c0000 - 0x00007ff8cf6c9000 	C:\WINDOWS\SYSTEM32\WSOCK32.dll
0x00007ff903840000 - 0x00007ff903874000 	C:\WINDOWS\SYSTEM32\WINMM.dll
0x00007ff9011a0000 - 0x00007ff9011aa000 	C:\WINDOWS\SYSTEM32\VERSION.dll
0x00007ff90f440000 - 0x00007ff90f4b1000 	C:\WINDOWS\System32\WS2_32.dll
0x00007ff90c1a0000 - 0x00007ff90c1b8000 	C:\WINDOWS\SYSTEM32\kernel.appcore.dll
0x00007ff90a570000 - 0x00007ff90a57a000 	D:\Apps\Android Studio\jbr\bin\jimage.dll
0x00007ff90a2f0000 - 0x00007ff90a51e000 	C:\WINDOWS\SYSTEM32\DBGHELP.DLL
0x00007ff90ed10000 - 0x00007ff90f099000 	C:\WINDOWS\System32\combase.dll
0x00007ff90ea70000 - 0x00007ff90eb47000 	C:\WINDOWS\System32\OLEAUT32.dll
0x00007ff8ee3e0000 - 0x00007ff8ee412000 	C:\WINDOWS\SYSTEM32\dbgcore.DLL
0x00007ff90d390000 - 0x00007ff90d40b000 	C:\WINDOWS\System32\bcryptPrimitives.dll
0x00007ff908250000 - 0x00007ff908275000 	D:\Apps\Android Studio\jbr\bin\java.dll

dbghelp: loaded successfully - version: 4.0.5 - missing functions: none
symbol engine: initialized successfully - sym options: 0x614 - pdb path: .;D:\Apps\Android Studio\jbr\bin;C:\WINDOWS\SYSTEM32;C:\WINDOWS\WinSxS\amd64_microsoft.windows.common-controls_6595b64144ccf1df_6.0.22621.608_none_a9444ca7c10bb01d;D:\Apps\Android Studio\jbr\bin\server

VM Arguments:
jvm_args: -Djava.awt.headless=true -Dorg.gradle.internal.worker.tmpdir=D:\Kuliah\2. Kegiatan Kuliah\Bangkit\Kegiatan\Self-Paced Session\5. Belajar Pengembangan Aplikasi Android Intermediate\StoryApp\app\build\tmp\testDebugUnitTest\work -Dorg.gradle.native=false -Xmx512m -Dfile.encoding=UTF-8 -Duser.country=US -Duser.language=en -Duser.variant -ea 
java_command: worker.org.gradle.process.internal.worker.GradleWorkerMain 'Gradle Test Executor 1'
java_class_path (initial): C:\Program Files\Gradle\gradle-8.0\bin\caches\8.0\workerMain\gradle-worker.jar;D:\Kuliah\2. Kegiatan Kuliah\Bangkit\Kegiatan\Self-Paced Session\5. Belajar Pengembangan Aplikasi Android Intermediate\StoryApp\app\build\tmp\kotlin-classes\debugUnitTest;D:\Kuliah\2. Kegiatan Kuliah\Bangkit\Kegiatan\Self-Paced Session\5. Belajar Pengembangan Aplikasi Android Intermediate\StoryApp\app\build\tmp\kapt3\classes\debugUnitTest;D:\Kuliah\2. Kegiatan Kuliah\Bangkit\Kegiatan\Self-Paced Session\5. Belajar Pengembangan Aplikasi Android Intermediate\StoryApp\app\build\intermediates\runtime_app_classes_jar\debug\classes.jar;C:\Program Files\Gradle\gradle-8.0\bin\caches\transforms-3\840829ba658c2d4e17d6e504cb4d70a2\transformed\core-testing-2.2.0-runtime.jar;C:\Program Files\Gradle\gradle-8.0\bin\caches\modules-2\files-2.1\junit\junit\4.13.2\8ac9e16d933b6fb43bc7f576336b8f4d7eb5ba12\junit-4.13.2.jar;C:\Program Files\Gradle\gradle-8.0\bin\caches\modules-2\files-2.1\org.mockito\mockito-inline\3.9.0\3d1dffee9a8a1998ec782383ca2f818848f2d5f1\mockito-inline-3.9.0.jar;C:\Program Files\Gradle\gradle-8.0\bin\caches\modules-2\files-2.1\org.mockito\mockito-core\3.9.0\b7573430aea743b26434b44f4f46272af613e660\mockito-core-3.9.0.jar;C:\Program Files\Gradle\gradle-8.0\bin\caches\transforms-3\c9cfd583ffa22aa3cf28d7bc7c3fda57\transformed\material-1.8.0-runtime.jar;C:\Program Files\Gradle\gradle-8.0\bin\caches\transforms-3\0429bb5db081af2d946fd89cad432ee1\transformed\constraintlayout-2.1.4-runtime.jar;C:\Program Files\Gradle\gradle-8.0\bin\caches\transforms-3\330fc1d0770e15b73883e20e55969299\transformed\appcompat-resources-1.6.1-runtime.jar;C:\Program Files\Gradle\gradle-8.0\bin\caches\transforms-3\19a9491a85d766cfe5e3cbe08d733f45\transformed\appcompat-1.6.1-runtime.jar;C:\Program Files\Gradle\gradle-8.0\bin\caches\transforms-3\ff059c93acc5784426e493d6451711a0\transformed\play-services-maps-18.1.0-runtime.jar;C:\Program Files\Gradle\gradle-8.0\bin\caches\transforms-3\bd3eb0cf
Launcher Type: SUN_STANDARD

[Global flags]
     intx CICompilerCount                          = 4                                         {product} {ergonomic}
     uint ConcGCThreads                            = 2                                         {product} {ergonomic}
     uint G1ConcRefinementThreads                  = 8                                         {product} {ergonomic}
   size_t G1HeapRegionSize                         = 1048576                                   {product} {ergonomic}
    uintx GCDrainStackTargetSize                   = 64                                        {product} {ergonomic}
   size_t InitialHeapSize                          = 266338304                                 {product} {ergonomic}
   size_t MarkStackSize                            = 4194304                                   {product} {ergonomic}
   size_t MaxHeapSize                              = 536870912                                 {product} {command line}
   size_t MinHeapDeltaBytes                        = 1048576                                   {product} {ergonomic}
   size_t MinHeapSize                              = 8388608                                   {product} {ergonomic}
    uintx NonNMethodCodeHeapSize                   = 5839372                                {pd product} {ergonomic}
    uintx NonProfiledCodeHeapSize                  = 122909434                              {pd product} {ergonomic}
    uintx ProfiledCodeHeapSize                     = 122909434                              {pd product} {ergonomic}
    uintx ReservedCodeCacheSize                    = 251658240                              {pd product} {ergonomic}
     bool SegmentedCodeCache                       = true                                      {product} {ergonomic}
   size_t SoftMaxHeapSize                          = 536870912                              {manageable} {ergonomic}
     bool UseCompressedClassPointers               = true                           {product lp64_product} {ergonomic}
     bool UseCompressedOops                        = true                           {product lp64_product} {ergonomic}
     bool UseG1GC                                  = true                                      {product} {ergonomic}
     bool UseLargePagesIndividualAllocation        = false                                  {pd product} {ergonomic}

Logging:
Log output configuration:
 #0: stdout all=warning uptime,level,tags
 #1: stderr all=off uptime,level,tags

Environment Variables:
JAVA_HOME=D:/Apps/Android Studio/jbr
PATH=C:\WINDOWS\system32;C:\WINDOWS;C:\WINDOWS\System32\Wbem;C:\WINDOWS\System32\WindowsPowerShell\v1.0\;C:\WINDOWS\System32\OpenSSH\;C:\Program Files\Git\cmd;C:\Program Files\nodejs\;C:\MinGW\bin;C:\Program Files\Gradle\gradle-8.0\bin;C:\Program Files\Zulu\zulu-8\bin;D:\Apps\laragon\bin\php\php-7.4.33-Win32-vc15-x64;C:\ProgramData\ComposerSetup\bin;C:\Users\ACER\AppData\Local\Microsoft\WindowsApps;C:\Users\ACER\AppData\Roaming\npm;C:\Users\ACER\AppData\Local\Programs\mongosh\;C:\Users\ACER\AppData\Roaming\Composer\vendor\bin;C:\Users\ACER\AppData\Local\JetBrains\Toolbox\scripts;C:\Users\ACER\AppData\Local\Programs\Microsoft VS Code\bin
USERNAME=ACER
OS=Windows_NT
PROCESSOR_IDENTIFIER=Intel64 Family 6 Model 140 Stepping 1, GenuineIntel
TMP=C:\Users\ACER\AppData\Local\Temp
TEMP=C:\Users\ACER\AppData\Local\Temp



---------------  S Y S T E M  ---------------

OS:
 Windows 11 , 64 bit Build 22621 (10.0.22621.1485)
OS uptime: 4 days 9:45 hours
Hyper-V role detected

CPU: total 8 (initial active 8) (4 cores per cpu, 2 threads per core) family 6 model 140 stepping 1 microcode 0x86, cx8, cmov, fxsr, ht, mmx, 3dnowpref, sse, sse2, sse3, ssse3, sse4.1, sse4.2, popcnt, lzcnt, tsc, tscinvbit, avx, avx2, aes, erms, clmul, bmi1, bmi2, adx, avx512f, avx512dq, avx512cd, avx512bw, avx512vl, sha, fma, vzeroupper, avx512_vpopcntdq, avx512_vpclmulqdq, avx512_vaes, avx512_vnni, clflush, clflushopt, clwb, avx512_vbmi2, avx512_vbmi, hv

Memory: 4k page, system-wide physical 16179M (148M free)
TotalPageFile size 35308M (AvailPageFile size 249M)
current process WorkingSet (physical memory assigned to process): 11M, peak: 11M
current process commit charge ("private bytes"): 60M, peak: 313M

vm_info: OpenJDK 64-Bit Server VM (17.0.6+0-b2043.56-9586694) for windows-amd64 JRE (17.0.6+0-b2043.56-9586694), built on Feb  9 2023 20:06:20 by "androidbuild" with MS VC++ 16.10 / 16.11 (VS2019)

END.
